warning: variable `tpl_Ref` should have a snake case name
   --> src\api\model_loading\safetensors.rs:138:17
    |
138 |             let tpl_Ref = chat_tpl.as_ref().unwrap();
    |                 ^^^^^^^ help: convert the identifier to snake case: `tpl_ref`
    |
    = note: `#[warn(non_snake_case)]` (part of `#[warn(nonstandard_style)]`) on by default

warning: variable `tpl_Ref` should have a snake case name
   --> src\api\model_loading\safetensors.rs:354:17
    |
354 |             let tpl_Ref = chat_tpl.as_ref().unwrap();
    |                 ^^^^^^^ help: convert the identifier to snake case: `tpl_ref`

warning: `oxide-lab` (lib test) generated 2 warnings
    Finished `test` profile [unoptimized + debuginfo] target(s) in 0.61s
     Running unittests src\lib.rs (target\debug\deps\oxide_lib-5d627650df079cb0.exe)

running 1 test
test core::template_registry::tests::test_all_templates_syntax ... FAILED

failures:

---- core::template_registry::tests::test_all_templates_syntax stdout ----
Checking template: llama3-instruct
тЬЕ Template 'llama3-instruct' compiled and rendered OK
Checking template: chatml
тЬЕ Template 'chatml' compiled and rendered OK
Checking template: mistral-instruct
тЬЕ Template 'mistral-instruct' compiled and rendered OK
Checking template: zephyr
тЬЕ Template 'zephyr' compiled and rendered OK
Checking template: alfred
тЬЕ Template 'alfred' compiled and rendered OK
Checking template: chatqa
тЭМ Template 'chatqa' failed to compile: syntax error: unexpected `}` (in <string>:1)
Checking template: falcon-instruct
тЭМ Template 'falcon-instruct' failed to compile: syntax error: unexpected identifier, expected end of block (in <string>:2)
Checking template: granite-instruct
тЭМ Template 'granite-instruct' failed to compile: syntax error: unexpected identifier, expected end of block (in <string>:2)
Checking template: openchat
тЬЕ Template 'openchat' compiled and rendered OK
Checking template: phi-3
тЬЕ Template 'phi-3' compiled and rendered OK
Checking template: solar-instruct
тЭМ Template 'solar-instruct' failed to compile: syntax error: unexpected identifier, expected end of block (in <string>:3)
Checking template: vicuna
тЬЕ Template 'vicuna' compiled and rendered OK
Checking template: gemma-instruct
тЬЕ Template 'gemma-instruct' compiled and rendered OK
Checking template: alpaca
тЬЕ Template 'alpaca' compiled and rendered OK
Checking template: codellama-70b-instruct
тЬЕ Template 'codellama-70b-instruct' compiled and rendered OK
Checking template: command-r
тЬЕ Template 'command-r' compiled and rendered OK
Checking template: llama2-chat
тЬЕ Template 'llama2-chat' compiled and rendered OK
Checking template: magicoder
тЬЕ Template 'magicoder' compiled and rendered OK
Checking template: starcoder2-instruct
тЬЕ Template 'starcoder2-instruct' compiled and rendered OK
Checking template: gemma3-instruct
тЬЕ Template 'gemma3-instruct' compiled and rendered OK

thread 'core::template_registry::tests::test_all_templates_syntax' (29216) panicked at src\core\template_registry.rs:596:9:
assertion `left == right` failed: Some templates failed to compile
  left: 4
 right: 0
note: run with `RUST_BACKTRACE=1` environment variable to display a backtrace


failures:
    core::template_registry::tests::test_all_templates_syntax

test result: FAILED. 0 passed; 1 failed; 0 ignored; 0 measured; 59 filtered out; finished in 0.00s

error: test failed, to rerun pass `--lib`
